{
  "stats": {
    "suites": 1,
    "tests": 2,
    "passes": 2,
    "pending": 0,
    "failures": 0,
    "start": "2025-03-12T00:26:21.814Z",
    "end": "2025-03-12T00:26:46.557Z",
    "duration": 24743,
    "testsRegistered": 2,
    "passPercent": 100,
    "pendingPercent": 0,
    "other": 0,
    "hasOther": false,
    "skipped": 0,
    "hasSkipped": false
  },
  "results": [
    {
      "uuid": "ee6808c6-ece5-40b1-b575-209d54a6178b",
      "title": "",
      "fullFile": "cypress\\e2e\\login.cy.js",
      "file": "cypress\\e2e\\login.cy.js",
      "beforeHooks": [],
      "afterHooks": [],
      "tests": [],
      "suites": [
        {
          "uuid": "9bfd0b48-86b7-4834-8e0b-225b971b5eb1",
          "title": "Teste de login-Faculdade UNINTESE",
          "fullFile": "",
          "file": "",
          "beforeHooks": [],
          "afterHooks": [],
          "tests": [
            {
              "title": "Deve acessar a pagina de login com sucesso",
              "fullTitle": "Teste de login-Faculdade UNINTESE Deve acessar a pagina de login com sucesso",
              "timedOut": null,
              "duration": 14207,
              "state": "passed",
              "speed": "slow",
              "pass": true,
              "fail": false,
              "pending": false,
              "context": null,
              "code": "//Arrange - Preparar\ncy.visit('https://aprendocom.unintese.com.br/login/index.php');\n//Act - Ação\ncy.get('input[name=\"username\"]').type('94868450263');\ncy.get('input[name=\"password\"]').type('07071986');\ncy.get('button').contains('Acessar').click();\ncy.get('.navbar-brand').should('be.visible');\n//Assert-Valida a url que que esta atualmente\ncy.url().should('eq', 'https://aprendocom.unintese.com.br/my/');\ncy.screenshot('login');",
              "err": {},
              "uuid": "33ec09eb-4d6d-41a1-a0d8-78dfb28b1b84",
              "parentUUID": "9bfd0b48-86b7-4834-8e0b-225b971b5eb1",
              "isHook": false,
              "skipped": false
            },
            {
              "title": "Deve exibir mensagem para senha e usuário incorretos",
              "fullTitle": "Teste de login-Faculdade UNINTESE Deve exibir mensagem para senha e usuário incorretos",
              "timedOut": null,
              "duration": 6518,
              "state": "passed",
              "speed": "medium",
              "pass": true,
              "fail": false,
              "pending": false,
              "context": null,
              "code": "//Arrange - Preparar\ncy.visit('https://aprendocom.unintese.com.br/login/index.php');\n//Act - Ação\ncy.get('input[name=\"username\"]').type('12345678923');\ncy.get('input[name=\"password\"]').type('60256');\ncy.get('button').contains('Acessar').click();\n//Assert-Valida a mensagem de erro dentro da div.alert.alert-danger\ncy.get('.alert.alert-danger').should('contain.text', 'Nome de usuário ou senha errados. Por favor tente outra vez.');\n// Verifica se a URL continua na página de login (não redirecionou)\ncy.url().should('include', '/login');\ncy.screenshot('erro credenciais inválidas');",
              "err": {},
              "uuid": "f4e250ce-815d-4b46-b01a-993a08287a32",
              "parentUUID": "9bfd0b48-86b7-4834-8e0b-225b971b5eb1",
              "isHook": false,
              "skipped": false
            }
          ],
          "suites": [],
          "passes": [
            "33ec09eb-4d6d-41a1-a0d8-78dfb28b1b84",
            "f4e250ce-815d-4b46-b01a-993a08287a32"
          ],
          "failures": [],
          "pending": [],
          "skipped": [],
          "duration": 20725,
          "root": false,
          "rootEmpty": false,
          "_timeout": 2000
        }
      ],
      "passes": [],
      "failures": [],
      "pending": [],
      "skipped": [],
      "duration": 0,
      "root": true,
      "rootEmpty": true,
      "_timeout": 2000
    }
  ],
  "meta": {
    "mocha": {
      "version": "7.0.1"
    },
    "mochawesome": {
      "options": {
        "quiet": false,
        "reportFilename": "mochawesome",
        "saveHtml": true,
        "saveJson": true,
        "consoleReporter": "spec",
        "useInlineDiffs": false,
        "code": true
      },
      "version": "7.1.3"
    },
    "marge": {
      "options": {
        "reportDir": "cypress/reports/mochawesome-report",
        "overwrite": true,
        "html": true,
        "json": true,
        "timestamp": "mmddyyyy_HHMMss",
        "embeddedScreenshots": true,
        "inlineAssets": true
      },
      "version": "6.2.0"
    }
  }
}