{
  "stats": {
    "suites": 1,
    "tests": 2,
    "passes": 2,
    "pending": 0,
    "failures": 0,
    "testsRegistered": 2,
    "passPercent": 100,
    "pendingPercent": 0,
    "other": 0,
    "hasOther": false,
    "skipped": 0,
    "hasSkipped": false,
    "start": "2025-03-12T00:13:23.971Z",
    "end": "2025-03-12T00:13:43.419Z",
    "duration": 19448
  },
  "results": [
    {
      "uuid": "cf98b6f5-5652-43e1-b8a1-3abcee317cf2",
      "title": "",
      "fullFile": "cypress\\e2e\\login.cy.js",
      "file": "cypress\\e2e\\login.cy.js",
      "beforeHooks": [],
      "afterHooks": [],
      "tests": [],
      "suites": [
        {
          "uuid": "4f925e6b-f935-4f5c-baae-a98bab8264bd",
          "title": "Teste de login-Faculdade UNINTESE",
          "fullFile": "",
          "file": "",
          "beforeHooks": [],
          "afterHooks": [],
          "tests": [
            {
              "title": "Deve acessar a pagina de login com sucesso",
              "fullTitle": "Teste de login-Faculdade UNINTESE Deve acessar a pagina de login com sucesso",
              "timedOut": null,
              "duration": 11055,
              "state": "passed",
              "speed": "slow",
              "pass": true,
              "fail": false,
              "pending": false,
              "context": null,
              "code": "//Arrange - Preparar\ncy.visit('https://aprendocom.unintese.com.br/login/index.php');\n//Act - Ação\ncy.get('input[name=\"username\"]').type('94868450263');\ncy.get('input[name=\"password\"]').type('07071986');\ncy.get('button').contains('Acessar').click();\ncy.get('.navbar-brand').should('be.visible');\n//Assert-Valida a url que que esta atualmente\ncy.url().should('eq', 'https://aprendocom.unintese.com.br/my/');",
              "err": {},
              "uuid": "0d914d82-2293-43ad-80d0-f89be94e57e7",
              "parentUUID": "4f925e6b-f935-4f5c-baae-a98bab8264bd",
              "isHook": false,
              "skipped": false
            },
            {
              "title": "Deve exibir mensagem para senha e usuário incorretos",
              "fullTitle": "Teste de login-Faculdade UNINTESE Deve exibir mensagem para senha e usuário incorretos",
              "timedOut": null,
              "duration": 5182,
              "state": "passed",
              "speed": "medium",
              "pass": true,
              "fail": false,
              "pending": false,
              "context": null,
              "code": "//Arrange - Preparar\ncy.visit('https://aprendocom.unintese.com.br/login/index.php');\n//Act - Ação\ncy.get('input[name=\"username\"]').type('12345678923');\ncy.get('input[name=\"password\"]').type('60256');\ncy.get('button').contains('Acessar').click();\n//Assert-Valida a mensagem de erro dentro da div.alert.alert-danger\ncy.get('.alert.alert-danger').should('contain.text', 'Nome de usuário ou senha errados. Por favor tente outra vez.');\n// Verifica se a URL continua na página de login (não redirecionou)\ncy.url().should('include', '/login');",
              "err": {},
              "uuid": "297ded41-61c6-4f3e-a5c8-e655d76a283d",
              "parentUUID": "4f925e6b-f935-4f5c-baae-a98bab8264bd",
              "isHook": false,
              "skipped": false
            }
          ],
          "suites": [],
          "passes": [
            "0d914d82-2293-43ad-80d0-f89be94e57e7",
            "297ded41-61c6-4f3e-a5c8-e655d76a283d"
          ],
          "failures": [],
          "pending": [],
          "skipped": [],
          "duration": 16237,
          "root": false,
          "rootEmpty": false,
          "_timeout": 2000
        }
      ],
      "passes": [],
      "failures": [],
      "pending": [],
      "skipped": [],
      "duration": 0,
      "root": true,
      "rootEmpty": true,
      "_timeout": 2000
    }
  ],
  "meta": {
    "mocha": {
      "version": "7.0.1"
    },
    "mochawesome": {
      "options": {
        "quiet": false,
        "reportFilename": "mochawesome",
        "saveHtml": true,
        "saveJson": true,
        "consoleReporter": "spec",
        "useInlineDiffs": false,
        "code": true
      },
      "version": "7.1.3"
    },
    "marge": {
      "options": {
        "reportDir": "cypress/reports/mochawesome-report",
        "overwrite": true,
        "html": true,
        "json": true,
        "timestamp": "mmddyyyy_HHMMss"
      },
      "version": "6.2.0"
    }
  }
}